<?xml version="1.0" encoding="UTF-8"?>
<!-- Generated by org.testng.reporters.JUnitReportReporter -->
<testsuite hostname="NBSB003BF8-TP" failures="0" tests="1" name="IBM_Training.Selenium.iFrameFunctionalityPractice" time="4.945" errors="0" timestamp="2022-08-04T17:10:40 IST" skipped="0">
  <testcase classname="IBM_Training.Selenium.iFrameFunctionalityPractice" name="enterText" time="4.945"/>
  <system-out/>
</testsuite> <!-- IBM_Training.Selenium.iFrameFunctionalityPractice -->
