<?xml version="1.0" encoding="UTF-8"?>
<!-- Generated by org.testng.reporters.JUnitReportReporter -->
<testsuite hostname="NBSB003BF8-TP" failures="0" tests="3" name="IBM_Training.Selenium.dropDownHandlePractice" time="0.667" errors="0" timestamp="2022-08-05T15:14:33 IST" skipped="0">
  <testcase classname="IBM_Training.Selenium.dropDownHandlePractice" name="checkBoxFunc1" time="0.161"/>
  <system-out/>
  <testcase classname="IBM_Training.Selenium.dropDownHandlePractice" name="checkBoxFunc2" time="0.457"/>
  <system-out/>
  <testcase classname="IBM_Training.Selenium.dropDownHandlePractice" name="checkBoxFunc3" time="0.049"/>
  <system-out/>
</testsuite> <!-- IBM_Training.Selenium.dropDownHandlePractice -->
