<?xml version="1.0" encoding="UTF-8"?>
<!-- Generated by org.testng.reporters.JUnitReportReporter -->
<testsuite hostname="NBSB003BF8-TP" failures="0" tests="2" name="IBM_Training.Selenium.TestEnableDisableFunctionality" time="0.148" errors="0" timestamp="2022-05-04T12:54:27 IST" skipped="0">
  <testcase classname="IBM_Training.Selenium.TestEnableDisableFunctionality" name="testDisable" time="0.090"/>
  <system-out/>
  <testcase classname="IBM_Training.Selenium.TestEnableDisableFunctionality" name="testEnable" time="0.058"/>
  <system-out/>
</testsuite> <!-- IBM_Training.Selenium.TestEnableDisableFunctionality -->
