<?xml version="1.0" encoding="UTF-8"?>
<!-- Generated by org.testng.reporters.JUnitReportReporter -->
<testsuite hostname="NBSB003BF8-TP" failures="0" tests="1" name="IBM_Training.Selenium.LinksCount" time="2.954" errors="0" timestamp="2022-05-06T14:26:40 IST" skipped="0">
  <testcase classname="IBM_Training.Selenium.LinksCount" name="countLinks" time="2.954"/>
  <system-out/>
</testsuite> <!-- IBM_Training.Selenium.LinksCount -->
