<?xml version="1.0" encoding="UTF-8"?>
<!-- Generated by org.testng.reporters.JUnitReportReporter -->
<testsuite hostname="NBSB003BF8-TP" failures="0" tests="2" name="IBM_Training.Selenium.KeysDownPractice" time="5.484" errors="0" timestamp="2022-08-04T18:25:55 IST" skipped="0">
  <testcase classname="IBM_Training.Selenium.KeysDownPractice" name="functions" time="0.399"/>
  <system-out/>
  <testcase classname="IBM_Training.Selenium.KeysDownPractice" name="draganddrop" time="5.085"/>
  <system-out/>
</testsuite> <!-- IBM_Training.Selenium.KeysDownPractice -->
