<?xml version="1.0" encoding="UTF-8"?>
<!-- Generated by org.testng.reporters.JUnitReportReporter -->
<testsuite hostname="NBSB003BF8-TP" failures="0" tests="2" name="IBM_Training.Selenium.ShowHiddenFunctionality" time="0.466" errors="0" timestamp="2022-04-27T12:16:16 IST" skipped="0">
  <testcase classname="IBM_Training.Selenium.ShowHiddenFunctionality" name="testHideButton" time="0.286"/>
  <system-out/>
  <testcase classname="IBM_Training.Selenium.ShowHiddenFunctionality" name="testShowButton" time="0.180"/>
  <system-out/>
</testsuite> <!-- IBM_Training.Selenium.ShowHiddenFunctionality -->
