<?xml version="1.0" encoding="UTF-8"?>
<!-- Generated by org.testng.reporters.JUnitReportReporter -->
<testsuite hostname="NBSB003BF8-TP" failures="0" tests="1" name="IBM_Training.Selenium.iFrameFunctionality" time="0.395" errors="0" timestamp="2022-05-05T15:51:31 IST" skipped="0">
  <testcase classname="IBM_Training.Selenium.iFrameFunctionality" name="iFrameFunc" time="0.395"/>
  <system-out/>
</testsuite> <!-- IBM_Training.Selenium.iFrameFunctionality -->
