<?xml version="1.0" encoding="UTF-8"?>
<!-- Generated by org.testng.reporters.JUnitReportReporter -->
<testsuite hostname="NBSB003BF8-TP" failures="0" tests="3" name="IBM_Training.Selenium.DropdownHandle" time="0.526" errors="0" timestamp="2022-05-15T16:21:14 IST" skipped="0">
  <testcase classname="IBM_Training.Selenium.DropdownHandle" name="dropDownControl" time="0.256"/>
  <system-out/>
  <testcase classname="IBM_Training.Selenium.DropdownHandle" name="verifySelect" time="0.153"/>
  <system-out/>
  <testcase classname="IBM_Training.Selenium.DropdownHandle" name="listAllDropDown" time="0.117"/>
  <system-out/>
</testsuite> <!-- IBM_Training.Selenium.DropdownHandle -->
