<?xml version="1.0" encoding="UTF-8"?>
<!-- Generated by org.testng.reporters.JUnitReportReporter -->
<testsuite hostname="NBSB003BF8-TP" failures="0" tests="2" name="IBM_Training.Selenium.ShowHiddenFunctionalityPractice" time="0.717" errors="0" timestamp="2022-08-04T22:01:12 IST" skipped="0">
  <testcase classname="IBM_Training.Selenium.ShowHiddenFunctionalityPractice" name="hide" time="0.414"/>
  <system-out/>
  <testcase classname="IBM_Training.Selenium.ShowHiddenFunctionalityPractice" name="show" time="0.303"/>
  <system-out/>
</testsuite> <!-- IBM_Training.Selenium.ShowHiddenFunctionalityPractice -->
