<?xml version="1.0" encoding="UTF-8"?>
<!-- Generated by org.testng.reporters.JUnitReportReporter -->
<testsuite hostname="NBSB003BF8-TP" failures="0" tests="1" name="IBM_Training.Selenium.ScrollAndMouseHoverPractice" time="2.435" errors="0" timestamp="2022-08-04T21:04:13 IST" skipped="0">
  <testcase classname="IBM_Training.Selenium.ScrollAndMouseHoverPractice" name="scrollFunction" time="2.435"/>
  <system-out/>
</testsuite> <!-- IBM_Training.Selenium.ScrollAndMouseHoverPractice -->
