<?xml version="1.0" encoding="UTF-8"?>
<!-- Generated by org.testng.reporters.JUnitReportReporter -->
<testsuite hostname="NBSB003BF8-TP" failures="0" tests="2" name="IBM_Training.Selenium.CheckBoxFunctionalityPractice" time="4.268" errors="0" timestamp="2022-08-04T23:50:23 IST" skipped="0">
  <testcase classname="IBM_Training.Selenium.CheckBoxFunctionalityPractice" name="check" time="2.165"/>
  <system-out/>
  <testcase classname="IBM_Training.Selenium.CheckBoxFunctionalityPractice" name="uncheck" time="2.103"/>
  <system-out/>
</testsuite> <!-- IBM_Training.Selenium.CheckBoxFunctionalityPractice -->
