<?xml version="1.0" encoding="UTF-8"?>
<!-- Generated by org.testng.reporters.JUnitReportReporter -->
<testsuite hostname="NBSB003BF8-TP" failures="0" tests="2" name="IBM_Training.Selenium.KeysDown" time="2.511" errors="0" timestamp="2022-08-04T17:25:59 IST" skipped="0">
  <testcase classname="IBM_Training.Selenium.KeysDown" name="selectFromDropDown" time="0.392"/>
  <system-out/>
  <testcase classname="IBM_Training.Selenium.KeysDown" name="dragAndDrop" time="2.119"/>
  <system-out/>
</testsuite> <!-- IBM_Training.Selenium.KeysDown -->
