<?xml version="1.0" encoding="UTF-8"?>
<!-- Generated by org.testng.reporters.JUnitReportReporter -->
<testsuite hostname="NBSB003BF8-TP" failures="0" tests="1" name="IBM_Training.Selenium.workingOnMultipleFunctionsPractice" time="0.654" errors="0" timestamp="2022-08-04T23:00:54 IST" skipped="0">
  <testcase classname="IBM_Training.Selenium.workingOnMultipleFunctionsPractice" name="checkBoxes" time="0.654"/>
  <system-out/>
</testsuite> <!-- IBM_Training.Selenium.workingOnMultipleFunctionsPractice -->
