<?xml version="1.0" encoding="UTF-8"?>
<!-- Generated by org.testng.reporters.JUnitReportReporter -->
<testsuite hostname="NBSB003BF8-TP" failures="0" tests="3" name="IBM_Training.Selenium.hiddenTestFunctionalityPractice" time="0.495" errors="0" timestamp="2022-08-05T16:11:40 IST" skipped="0">
  <testcase classname="IBM_Training.Selenium.hiddenTestFunctionalityPractice" name="scroll" time="0.079"/>
  <system-out/>
  <testcase classname="IBM_Training.Selenium.hiddenTestFunctionalityPractice" name="showCheck" time="0.231"/>
  <system-out/>
  <testcase classname="IBM_Training.Selenium.hiddenTestFunctionalityPractice" name="hideCheck" time="0.185"/>
  <system-out/>
</testsuite> <!-- IBM_Training.Selenium.hiddenTestFunctionalityPractice -->
