<?xml version="1.0" encoding="UTF-8"?>
<!-- Generated by org.testng.reporters.JUnitReportReporter -->
<testsuite hostname="NBSB003BF8-TP" failures="0" tests="1" name="IBM_Training.Selenium.WorkingOnMultipleFunctions" time="2.158" errors="0" timestamp="2022-05-05T18:56:32 IST" skipped="0">
  <testcase classname="IBM_Training.Selenium.WorkingOnMultipleFunctions" name="checkBoxesTest" time="2.158"/>
  <system-out/>
</testsuite> <!-- IBM_Training.Selenium.WorkingOnMultipleFunctions -->
